<?xml version="1.0" encoding="UTF-8"?>
<testng-results ignored="0" total="3" passed="3" failed="0" skipped="0">
  <reporter-output>
  </reporter-output>
  <suite started-at="2023-07-20T13:13:09 IST" name="Default suite" finished-at="2023-07-20T13:13:46 IST" duration-ms="36999">
    <groups>
    </groups>
    <test started-at="2023-07-20T13:13:09 IST" name="Default test" finished-at="2023-07-20T13:13:46 IST" duration-ms="36999">
      <class name="dummypom.dummypom.deletePOM.xpath">
        <test-method signature="check()[pri:0, instance:dummypom.dummypom.deletePOM.xpath@449a4f23]" started-at="2023-07-20T13:13:09 IST" name="check" finished-at="2023-07-20T13:13:16 IST" duration-ms="6808" status="PASS">
          <reporter-output>
          </reporter-output>
        </test-method> <!-- check -->
        <test-method is-config="true" signature="tear()[pri:0, instance:dummypom.dummypom.deletePOM.xpath@449a4f23]" started-at="2023-07-20T13:13:16 IST" name="tear" finished-at="2023-07-20T13:13:16 IST" duration-ms="280" status="PASS">
          <reporter-output>
          </reporter-output>
        </test-method> <!-- tear -->
        <test-method signature="ctitle()[pri:0, instance:dummypom.dummypom.deletePOM.xpath@449a4f23]" started-at="2023-07-20T13:13:16 IST" name="ctitle" finished-at="2023-07-20T13:13:25 IST" duration-ms="9253" status="PASS">
          <reporter-output>
          </reporter-output>
        </test-method> <!-- ctitle -->
        <test-method is-config="true" signature="tear()[pri:0, instance:dummypom.dummypom.deletePOM.xpath@449a4f23]" started-at="2023-07-20T13:13:25 IST" name="tear" finished-at="2023-07-20T13:13:27 IST" duration-ms="1120" status="PASS">
          <reporter-output>
          </reporter-output>
        </test-method> <!-- tear -->
        <test-method signature="xx()[pri:0, instance:dummypom.dummypom.deletePOM.xpath@449a4f23]" started-at="2023-07-20T13:13:27 IST" name="xx" finished-at="2023-07-20T13:13:46 IST" duration-ms="19190" status="PASS">
          <reporter-output>
          </reporter-output>
        </test-method> <!-- xx -->
        <test-method is-config="true" signature="tear()[pri:0, instance:dummypom.dummypom.deletePOM.xpath@449a4f23]" started-at="2023-07-20T13:13:46 IST" name="tear" finished-at="2023-07-20T13:13:46 IST" duration-ms="247" status="PASS">
          <reporter-output>
          </reporter-output>
        </test-method> <!-- tear -->
      </class> <!-- dummypom.dummypom.deletePOM.xpath -->
    </test> <!-- Default test -->
  </suite> <!-- Default suite -->
</testng-results>
