<?xml version="1.0" encoding="UTF-8"?>
<!-- Generated by org.testng.reporters.JUnitXMLReporter -->
<testsuite ignored="0" hostname="DESKTOP-8EGN6D2" failures="0" tests="3" name="Default test" time="36.999" errors="0" timestamp="2023-07-20T13:13:46 IST">
  <testcase classname="dummypom.dummypom.deletePOM.xpath" name="check" time="6.808"/>
  <testcase classname="dummypom.dummypom.deletePOM.xpath" name="ctitle" time="9.253"/>
  <testcase classname="dummypom.dummypom.deletePOM.xpath" name="xx" time="19.19"/>
</testsuite> <!-- Default test -->
