<?xml version="1.0" encoding="UTF-8"?>
<!-- Generated by org.testng.reporters.JUnitXMLReporter -->
<testsuite ignored="0" hostname="DESKTOP-8EGN6D2" failures="0" tests="6" name="Test" time="70.433" errors="0" timestamp="2023-07-24T14:33:24 IST">
  <testcase classname="xpath.finder.xpath" name="check" time="6.68"/>
  <testcase classname="xpath.finder.xpath" name="ctitle" time="11.889"/>
  <testcase classname="xpath.finder.xpath" name="tables" time="8.144"/>
  <testcase classname="xpath.finder.xpath" name="xgoogle" time="6.261"/>
  <testcase classname="xpath.finder.xpath" name="xx" time="19.781"/>
  <testcase classname="xpath.finder.xpath" name="xxtable" time="14.275"/>
</testsuite> <!-- Test -->
