<?xml version="1.0" encoding="UTF-8"?>
<!-- Generated by org.testng.reporters.JUnitXMLReporter -->
<testsuite ignored="0" hostname="DESKTOP-8EGN6D2" failures="3" tests="5" name="Test" time="7.41" errors="0" timestamp="2023-07-12T16:28:21 IST">
  <testcase classname="testng.testngproject.priority" name="check" time="6.52"/>
  <testcase classname="testng.testngproject.priority" name="ctitle" time="0.019"/>
  <testcase classname="testng.testngproject.priority" name="cnottitle" time="0.045">
    <failure type="java.lang.AssertionError" message="did not expect [Maven Repository: Search/Browse/Explore] but found [Maven Repository: Search/Browse/Explore]">
      <![CDATA[java.lang.AssertionError: did not expect [Maven Repository: Search/Browse/Explore] but found [Maven Repository: Search/Browse/Explore]
at testng.testngproject.priority.cnottitle(priority.java:42)
at java.base/java.util.ArrayList.forEach(ArrayList.java:1511)
... Removed 32 stack frames]]>
    </failure>
  </testcase> <!-- cnottitle -->
  <testcase classname="testng.testngproject.priority" name="cnottitlew1" time="0.014">
    <failure type="java.lang.AssertionError" message="did not expect [Maven Repository: Search/Browse/Explore] but found [Maven Repository: Search/Browse/Explore]">
      <![CDATA[java.lang.AssertionError: did not expect [Maven Repository: Search/Browse/Explore] but found [Maven Repository: Search/Browse/Explore]
at testng.testngproject.priority.cnottitlew1(priority.java:50)
at java.base/java.util.ArrayList.forEach(ArrayList.java:1511)
... Removed 32 stack frames]]>
    </failure>
  </testcase> <!-- cnottitlew1 -->
  <testcase classname="testng.testngproject.priority" name="cnottitlew2" time="0.013">
    <failure type="java.lang.AssertionError" message="did not expect [Maven Repository: Search/Browse/Explore] but found [Maven Repository: Search/Browse/Explore]">
      <![CDATA[java.lang.AssertionError: did not expect [Maven Repository: Search/Browse/Explore] but found [Maven Repository: Search/Browse/Explore]
at testng.testngproject.priority.cnottitlew2(priority.java:58)
at java.base/java.util.ArrayList.forEach(ArrayList.java:1511)
... Removed 32 stack frames]]>
    </failure>
  </testcase> <!-- cnottitlew2 -->
</testsuite> <!-- Test -->
