<?xml version="1.0" encoding="UTF-8"?>
<testng-results ignored="0" total="1" passed="1" failed="0" skipped="0">
  <reporter-output>
  </reporter-output>
  <suite started-at="2023-07-20T13:00:36 IST" name="Default suite" finished-at="2023-07-20T13:00:49 IST" duration-ms="12941">
    <groups>
    </groups>
    <test started-at="2023-07-20T13:00:36 IST" name="Default test" finished-at="2023-07-20T13:00:49 IST" duration-ms="12941">
      <class name="testng.testngproject.priority">
        <test-method signature="check()[pri:0, instance:testng.testngproject.priority@f0c8a99]" started-at="2023-07-20T13:00:36 IST" name="check" finished-at="2023-07-20T13:00:49 IST" duration-ms="12860" status="PASS">
          <reporter-output>
          </reporter-output>
        </test-method> <!-- check -->
      </class> <!-- testng.testngproject.priority -->
    </test> <!-- Default test -->
  </suite> <!-- Default suite -->
</testng-results>
